SF:lib/domain/entity/post.g.dart
DA:9,1
DA:10,1
DA:11,1
DA:12,1
DA:13,1
DA:14,1
DA:18,0
DA:19,0
DA:20,0
DA:21,0
DA:22,0
LF:11
LH:6
end_of_record
SF:lib/domain/entity/post.dart
DA:13,4
DA:20,2
DA:21,0
DA:23,2
DA:24,4
LF:5
LH:4
end_of_record
SF:lib/domain/entity/sort_type.dart
DA:1,4
LF:1
LH:1
end_of_record
SF:lib/domain/use_case/post_service.dart
DA:10,4
DA:11,1
DA:12,3
DA:15,1
DA:19,1
DA:20,3
DA:21,3
LF:7
LH:7
end_of_record
SF:lib/ui/post/post_card.dart
DA:7,1
DA:11,1
DA:13,1
DA:15,1
DA:16,1
DA:17,1
DA:18,1
DA:19,2
DA:20,1
DA:21,1
DA:22,6
DA:23,1
DA:25,1
DA:26,3
DA:27,1
LF:15
LH:15
end_of_record
SF:lib/ui/post/post_list_view.dart
DA:8,1
DA:12,1
DA:14,1
DA:16,1
DA:17,2
DA:18,1
DA:19,1
DA:20,2
DA:23,1
DA:24,1
LF:10
LH:10
end_of_record
SF:lib/data/external/post_api.dart
DA:9,0
DA:10,0
DA:11,0
DA:16,0
DA:17,0
DA:18,0
LF:6
LH:0
end_of_record
SF:lib/data/repository/post_api_adapter.dart
DA:11,1
DA:14,1
DA:16,3
DA:17,4
DA:19,0
LF:5
LH:4
end_of_record
SF:lib/bloc/post/post_state.dart
DA:4,1
DA:5,1
DA:14,1
DA:16,1
DA:17,2
DA:23,1
DA:25,1
DA:26,2
LF:8
LH:8
end_of_record
SF:lib/bloc/post/post_cubit.dart
DA:15,1
DA:17,2
DA:19,1
DA:20,2
DA:22,5
DA:23,1
DA:24,2
DA:28,1
DA:29,2
DA:30,4
LF:10
LH:10
end_of_record
SF:lib/domain/exception/post_read_failed_exception.dart
DA:2,1
LF:1
LH:1
end_of_record
SF:lib/app/app_config.dart
DA:7,0
LF:1
LH:0
end_of_record
